<?xml version="1.0" encoding="UTF-8"?>

<beans xmlns="http://www.springframework.org/schema/beans"
       xmlns:xsi="http://www.w3.org/2001/XMLSchema-instance"
       xmlns:context="http://www.springframework.org/schema/context"
       xsi:schemaLocation="
           http://www.springframework.org/schema/beans http://www.springframework.org/schema/beans/spring-beans.xsd
           http://www.springframework.org/schema/context http://www.springframework.org/schema/context/spring-context.xsd">

  <import resource="classpath:/META-INF/spring/core-context.xml"/>
  
  <!-- Datasource using placeholders -->
  <bean id="dataSource" class="org.springframework.jdbc.datasource.DriverManagerDataSource">
    <property name="driverClassName" value="${database.driver}" />
    <property name="url"             value="${database.url}" />
    <property name="username"        value="${database.username}" />
    <property name="password"        value="${database.password}" />
  </bean>
  
</beans>